The target system is: Android - 1 - armv7-a
The host system is: Linux - 5.5.0-rc4 - x86_64
Detecting C compiler ABI info compiled with the following output:
Change Dir: /home/lyguo/github/pytorch-android-cpp-demo/build_android/CMakeFiles/CMakeTmp

Run Build Command(s):/usr/bin/make cmTC_11371/fast && /usr/bin/make  -f CMakeFiles/cmTC_11371.dir/build.make CMakeFiles/cmTC_11371.dir/build
make[1]: Entering directory '/home/lyguo/github/pytorch-android-cpp-demo/build_android/CMakeFiles/CMakeTmp'
Building C object CMakeFiles/cmTC_11371.dir/CMakeCCompilerABI.c.o
/home/lyguo/tools/android-ndk-r20b/toolchains/llvm/prebuilt/linux-x86_64/bin/clang --target=armv7-none-linux-androideabi21 --gcc-toolchain=/home/lyguo/tools/android-ndk-r20b/toolchains/llvm/prebuilt/linux-x86_64 --sysroot=/home/lyguo/tools/android-ndk-r20b/toolchains/llvm/prebuilt/linux-x86_64/sysroot   -g -DANDROID -fdata-sections -ffunction-sections -funwind-tables -fstack-protector-strong -no-canonical-prefixes -fno-addrsig -march=armv7-a -mthumb -mfpu=neon -Wa,--noexecstack -Wformat   -fPIE   -v -o CMakeFiles/cmTC_11371.dir/CMakeCCompilerABI.c.o -c /home/lyguo/tools/cmake-3.18.1-Linux-x86_64/share/cmake-3.18/Modules/CMakeCCompilerABI.c
Android (5220042 based on r346389c) clang version 8.0.7 (https://android.googlesource.com/toolchain/clang b55f2d4ebfd35bf643d27dbca1bb228957008617) (https://android.googlesource.com/toolchain/llvm 3c393fe7a7e13b0fba4ac75a01aa683d7a5b11cd) (based on LLVM 8.0.7svn)
Target: armv7-none-linux-android21
Thread model: posix
InstalledDir: /home/lyguo/tools/android-ndk-r20b/toolchains/llvm/prebuilt/linux-x86_64/bin
Found candidate GCC installation: /home/lyguo/tools/android-ndk-r20b/toolchains/llvm/prebuilt/linux-x86_64/lib/gcc/arm-linux-androideabi/4.9.x
Selected GCC installation: /home/lyguo/tools/android-ndk-r20b/toolchains/llvm/prebuilt/linux-x86_64/lib/gcc/arm-linux-androideabi/4.9.x
Candidate multilib: thumb;@mthumb
Candidate multilib: armv7-a;@march=armv7-a
Candidate multilib: armv7-a/thumb;@march=armv7-a@mthumb
Candidate multilib: .;
Selected multilib: armv7-a/thumb;@march=armv7-a@mthumb
 "/home/lyguo/tools/android-ndk-r20b/toolchains/llvm/prebuilt/linux-x86_64/bin/clang" -cc1 -triple thumbv7-none-linux-android21 -emit-obj -mrelax-all -mnoexecstack -disable-free -disable-llvm-verifier -discard-value-names -main-file-name CMakeCCompilerABI.c -mrelocation-model pic -pic-level 2 -pic-is-pie -mthread-model posix -mdisable-fp-elim -masm-verbose -mconstructor-aliases -munwind-tables -fuse-init-array -target-cpu generic -target-feature +soft-float-abi -target-feature -fp-only-sp -target-feature -d16 -target-feature +vfp3 -target-feature -fp16 -target-feature -vfp4 -target-feature -fp-armv8 -target-feature +neon -target-feature -crypto -target-abi aapcs-linux -mfloat-abi soft -fallow-half-arguments-and-returns -dwarf-column-info -debug-info-kind=limited -dwarf-version=4 -debugger-tuning=gdb -v -ffunction-sections -fdata-sections -coverage-notes-file /home/lyguo/github/pytorch-android-cpp-demo/build_android/CMakeFiles/CMakeTmp/CMakeFiles/cmTC_11371.dir/CMakeCCompilerABI.c.gcno -resource-dir /home/lyguo/tools/android-ndk-r20b/toolchains/llvm/prebuilt/linux-x86_64/lib64/clang/8.0.7 -D ANDROID -isysroot /home/lyguo/tools/android-ndk-r20b/toolchains/llvm/prebuilt/linux-x86_64/sysroot -internal-isystem /home/lyguo/tools/android-ndk-r20b/toolchains/llvm/prebuilt/linux-x86_64/sysroot/usr/local/include -internal-isystem /home/lyguo/tools/android-ndk-r20b/toolchains/llvm/prebuilt/linux-x86_64/lib64/clang/8.0.7/include -internal-externc-isystem /home/lyguo/tools/android-ndk-r20b/toolchains/llvm/prebuilt/linux-x86_64/sysroot/usr/include/arm-linux-androideabi -internal-externc-isystem /home/lyguo/tools/android-ndk-r20b/toolchains/llvm/prebuilt/linux-x86_64/sysroot/include -internal-externc-isystem /home/lyguo/tools/android-ndk-r20b/toolchains/llvm/prebuilt/linux-x86_64/sysroot/usr/include -Wformat -fdebug-compilation-dir /home/lyguo/github/pytorch-android-cpp-demo/build_android/CMakeFiles/CMakeTmp -ferror-limit 19 -fmessage-length 0 -stack-protector 2 -fno-signed-char -fobjc-runtime=gcc -fdiagnostics-show-option -o CMakeFiles/cmTC_11371.dir/CMakeCCompilerABI.c.o -x c /home/lyguo/tools/cmake-3.18.1-Linux-x86_64/share/cmake-3.18/Modules/CMakeCCompilerABI.c
clang -cc1 version 8.0.7 based upon LLVM 8.0.7svn default target x86_64-unknown-linux-gnu
ignoring nonexistent directory "/home/lyguo/tools/android-ndk-r20b/toolchains/llvm/prebuilt/linux-x86_64/sysroot/include"
#include "..." search starts here:
#include <...> search starts here:
 /home/lyguo/tools/android-ndk-r20b/toolchains/llvm/prebuilt/linux-x86_64/sysroot/usr/local/include
 /home/lyguo/tools/android-ndk-r20b/toolchains/llvm/prebuilt/linux-x86_64/lib64/clang/8.0.7/include
 /home/lyguo/tools/android-ndk-r20b/toolchains/llvm/prebuilt/linux-x86_64/sysroot/usr/include/arm-linux-androideabi
 /home/lyguo/tools/android-ndk-r20b/toolchains/llvm/prebuilt/linux-x86_64/sysroot/usr/include
End of search list.
Linking C executable cmTC_11371
/home/lyguo/tools/cmake-3.18.1-Linux-x86_64/bin/cmake -E cmake_link_script CMakeFiles/cmTC_11371.dir/link.txt --verbose=1
/home/lyguo/tools/android-ndk-r20b/toolchains/llvm/prebuilt/linux-x86_64/bin/clang --target=armv7-none-linux-androideabi21 --gcc-toolchain=/home/lyguo/tools/android-ndk-r20b/toolchains/llvm/prebuilt/linux-x86_64 --sysroot=/home/lyguo/tools/android-ndk-r20b/toolchains/llvm/prebuilt/linux-x86_64/sysroot -g -DANDROID -fdata-sections -ffunction-sections -funwind-tables -fstack-protector-strong -no-canonical-prefixes -fno-addrsig -march=armv7-a -mthumb -mfpu=neon -Wa,--noexecstack -Wformat   -Wl,--exclude-libs,libgcc.a -Wl,--exclude-libs,libatomic.a -static-libstdc++ -Wl,--build-id -Wl,--warn-shared-textrel -Wl,--fatal-warnings -Wl,--exclude-libs,libunwind.a -Wl,--no-undefined -Qunused-arguments -Wl,-z,noexecstack -Wl,--gc-sections  -v CMakeFiles/cmTC_11371.dir/CMakeCCompilerABI.c.o -o cmTC_11371 
Android (5220042 based on r346389c) clang version 8.0.7 (https://android.googlesource.com/toolchain/clang b55f2d4ebfd35bf643d27dbca1bb228957008617) (https://android.googlesource.com/toolchain/llvm 3c393fe7a7e13b0fba4ac75a01aa683d7a5b11cd) (based on LLVM 8.0.7svn)
Target: armv7-none-linux-android21
Thread model: posix
InstalledDir: /home/lyguo/tools/android-ndk-r20b/toolchains/llvm/prebuilt/linux-x86_64/bin
Found candidate GCC installation: /home/lyguo/tools/android-ndk-r20b/toolchains/llvm/prebuilt/linux-x86_64/lib/gcc/arm-linux-androideabi/4.9.x
Selected GCC installation: /home/lyguo/tools/android-ndk-r20b/toolchains/llvm/prebuilt/linux-x86_64/lib/gcc/arm-linux-androideabi/4.9.x
Candidate multilib: thumb;@mthumb
Candidate multilib: armv7-a;@march=armv7-a
Candidate multilib: armv7-a/thumb;@march=armv7-a@mthumb
Candidate multilib: .;
Selected multilib: armv7-a/thumb;@march=armv7-a@mthumb
 "/home/lyguo/tools/android-ndk-r20b/toolchains/llvm/prebuilt/linux-x86_64/lib/gcc/arm-linux-androideabi/4.9.x/../../../../arm-linux-androideabi/bin/ld" --sysroot=/home/lyguo/tools/android-ndk-r20b/toolchains/llvm/prebuilt/linux-x86_64/sysroot -pie -EL -z now -z relro -X --hash-style=gnu --hash-style=both --enable-new-dtags --eh-frame-hdr -m armelf_linux_eabi -dynamic-linker /system/bin/linker -o cmTC_11371 /home/lyguo/tools/android-ndk-r20b/toolchains/llvm/prebuilt/linux-x86_64/sysroot/usr/lib/arm-linux-androideabi/21/crtbegin_dynamic.o -L/home/lyguo/tools/android-ndk-r20b/toolchains/llvm/prebuilt/linux-x86_64/lib64/clang/8.0.7/lib/linux/arm -L/home/lyguo/tools/android-ndk-r20b/toolchains/llvm/prebuilt/linux-x86_64/lib/gcc/arm-linux-androideabi/4.9.x/armv7-a/thumb -L/home/lyguo/tools/android-ndk-r20b/toolchains/llvm/prebuilt/linux-x86_64/lib/gcc/arm-linux-androideabi/4.9.x/../../../../arm-linux-androideabi/lib/../lib/armv7-a/thumb -L/home/lyguo/tools/android-ndk-r20b/toolchains/llvm/prebuilt/linux-x86_64/sysroot/usr/lib/arm-linux-androideabi/21 -L/home/lyguo/tools/android-ndk-r20b/toolchains/llvm/prebuilt/linux-x86_64/sysroot/usr/lib/arm-linux-androideabi -L/home/lyguo/tools/android-ndk-r20b/toolchains/llvm/prebuilt/linux-x86_64/sysroot/usr/lib/../lib -L/home/lyguo/tools/android-ndk-r20b/toolchains/llvm/prebuilt/linux-x86_64/sysroot/usr/lib/arm-linux-androideabi/../../lib -L/home/lyguo/tools/android-ndk-r20b/toolchains/llvm/prebuilt/linux-x86_64/lib/gcc/arm-linux-androideabi/4.9.x/../../../../arm-linux-androideabi/lib/armv7-a/thumb -L/home/lyguo/tools/android-ndk-r20b/toolchains/llvm/prebuilt/linux-x86_64/sysroot/usr/lib --exclude-libs libgcc.a --exclude-libs libatomic.a --build-id --warn-shared-textrel --fatal-warnings --exclude-libs libunwind.a --no-undefined -z noexecstack --gc-sections CMakeFiles/cmTC_11371.dir/CMakeCCompilerABI.c.o -lgcc -ldl -lc -lgcc -ldl /home/lyguo/tools/android-ndk-r20b/toolchains/llvm/prebuilt/linux-x86_64/sysroot/usr/lib/arm-linux-androideabi/21/crtend_android.o
make[1]: Leaving directory '/home/lyguo/github/pytorch-android-cpp-demo/build_android/CMakeFiles/CMakeTmp'



Parsed C implicit include dir info from above output: rv=done
  found start of include info
  found start of implicit include info
    add: [/home/lyguo/tools/android-ndk-r20b/toolchains/llvm/prebuilt/linux-x86_64/sysroot/usr/local/include]
    add: [/home/lyguo/tools/android-ndk-r20b/toolchains/llvm/prebuilt/linux-x86_64/lib64/clang/8.0.7/include]
    add: [/home/lyguo/tools/android-ndk-r20b/toolchains/llvm/prebuilt/linux-x86_64/sysroot/usr/include/arm-linux-androideabi]
    add: [/home/lyguo/tools/android-ndk-r20b/toolchains/llvm/prebuilt/linux-x86_64/sysroot/usr/include]
  end of search list found
  collapse include dir [/home/lyguo/tools/android-ndk-r20b/toolchains/llvm/prebuilt/linux-x86_64/sysroot/usr/local/include] ==> [/home/lyguo/tools/android-ndk-r20b/toolchains/llvm/prebuilt/linux-x86_64/sysroot/usr/local/include]
  collapse include dir [/home/lyguo/tools/android-ndk-r20b/toolchains/llvm/prebuilt/linux-x86_64/lib64/clang/8.0.7/include] ==> [/home/lyguo/tools/android-ndk-r20b/toolchains/llvm/prebuilt/linux-x86_64/lib64/clang/8.0.7/include]
  collapse include dir [/home/lyguo/tools/android-ndk-r20b/toolchains/llvm/prebuilt/linux-x86_64/sysroot/usr/include/arm-linux-androideabi] ==> [/home/lyguo/tools/android-ndk-r20b/toolchains/llvm/prebuilt/linux-x86_64/sysroot/usr/include/arm-linux-androideabi]
  collapse include dir [/home/lyguo/tools/android-ndk-r20b/toolchains/llvm/prebuilt/linux-x86_64/sysroot/usr/include] ==> [/home/lyguo/tools/android-ndk-r20b/toolchains/llvm/prebuilt/linux-x86_64/sysroot/usr/include]
  implicit include dirs: [/home/lyguo/tools/android-ndk-r20b/toolchains/llvm/prebuilt/linux-x86_64/sysroot/usr/local/include;/home/lyguo/tools/android-ndk-r20b/toolchains/llvm/prebuilt/linux-x86_64/lib64/clang/8.0.7/include;/home/lyguo/tools/android-ndk-r20b/toolchains/llvm/prebuilt/linux-x86_64/sysroot/usr/include/arm-linux-androideabi;/home/lyguo/tools/android-ndk-r20b/toolchains/llvm/prebuilt/linux-x86_64/sysroot/usr/include]


Parsed C implicit link information from above output:
  link line regex: [^( *|.*[/\])(arm-linux-androideabi-ld|CMAKE_LINK_STARTFILE-NOTFOUND|([^/\]+-)?ld|collect2)[^/\]*( |$)]
  ignore line: [Change Dir: /home/lyguo/github/pytorch-android-cpp-demo/build_android/CMakeFiles/CMakeTmp]
  ignore line: []
  ignore line: [Run Build Command(s):/usr/bin/make cmTC_11371/fast && /usr/bin/make  -f CMakeFiles/cmTC_11371.dir/build.make CMakeFiles/cmTC_11371.dir/build]
  ignore line: [make[1]: Entering directory '/home/lyguo/github/pytorch-android-cpp-demo/build_android/CMakeFiles/CMakeTmp']
  ignore line: [Building C object CMakeFiles/cmTC_11371.dir/CMakeCCompilerABI.c.o]
  ignore line: [/home/lyguo/tools/android-ndk-r20b/toolchains/llvm/prebuilt/linux-x86_64/bin/clang --target=armv7-none-linux-androideabi21 --gcc-toolchain=/home/lyguo/tools/android-ndk-r20b/toolchains/llvm/prebuilt/linux-x86_64 --sysroot=/home/lyguo/tools/android-ndk-r20b/toolchains/llvm/prebuilt/linux-x86_64/sysroot   -g -DANDROID -fdata-sections -ffunction-sections -funwind-tables -fstack-protector-strong -no-canonical-prefixes -fno-addrsig -march=armv7-a -mthumb -mfpu=neon -Wa --noexecstack -Wformat   -fPIE   -v -o CMakeFiles/cmTC_11371.dir/CMakeCCompilerABI.c.o -c /home/lyguo/tools/cmake-3.18.1-Linux-x86_64/share/cmake-3.18/Modules/CMakeCCompilerABI.c]
  ignore line: [Android (5220042 based on r346389c) clang version 8.0.7 (https://android.googlesource.com/toolchain/clang b55f2d4ebfd35bf643d27dbca1bb228957008617) (https://android.googlesource.com/toolchain/llvm 3c393fe7a7e13b0fba4ac75a01aa683d7a5b11cd) (based on LLVM 8.0.7svn)]
  ignore line: [Target: armv7-none-linux-android21]
  ignore line: [Thread model: posix]
  ignore line: [InstalledDir: /home/lyguo/tools/android-ndk-r20b/toolchains/llvm/prebuilt/linux-x86_64/bin]
  ignore line: [Found candidate GCC installation: /home/lyguo/tools/android-ndk-r20b/toolchains/llvm/prebuilt/linux-x86_64/lib/gcc/arm-linux-androideabi/4.9.x]
  ignore line: [Selected GCC installation: /home/lyguo/tools/android-ndk-r20b/toolchains/llvm/prebuilt/linux-x86_64/lib/gcc/arm-linux-androideabi/4.9.x]
  ignore line: [Candidate multilib: thumb]
  ignore line: [@mthumb]
  ignore line: [Candidate multilib: armv7-a]
  ignore line: [@march=armv7-a]
  ignore line: [Candidate multilib: armv7-a/thumb]
  ignore line: [@march=armv7-a@mthumb]
  ignore line: [Candidate multilib: .]
  ignore line: []
  ignore line: [Selected multilib: armv7-a/thumb]
  ignore line: [@march=armv7-a@mthumb]
  ignore line: [ "/home/lyguo/tools/android-ndk-r20b/toolchains/llvm/prebuilt/linux-x86_64/bin/clang" -cc1 -triple thumbv7-none-linux-android21 -emit-obj -mrelax-all -mnoexecstack -disable-free -disable-llvm-verifier -discard-value-names -main-file-name CMakeCCompilerABI.c -mrelocation-model pic -pic-level 2 -pic-is-pie -mthread-model posix -mdisable-fp-elim -masm-verbose -mconstructor-aliases -munwind-tables -fuse-init-array -target-cpu generic -target-feature +soft-float-abi -target-feature -fp-only-sp -target-feature -d16 -target-feature +vfp3 -target-feature -fp16 -target-feature -vfp4 -target-feature -fp-armv8 -target-feature +neon -target-feature -crypto -target-abi aapcs-linux -mfloat-abi soft -fallow-half-arguments-and-returns -dwarf-column-info -debug-info-kind=limited -dwarf-version=4 -debugger-tuning=gdb -v -ffunction-sections -fdata-sections -coverage-notes-file /home/lyguo/github/pytorch-android-cpp-demo/build_android/CMakeFiles/CMakeTmp/CMakeFiles/cmTC_11371.dir/CMakeCCompilerABI.c.gcno -resource-dir /home/lyguo/tools/android-ndk-r20b/toolchains/llvm/prebuilt/linux-x86_64/lib64/clang/8.0.7 -D ANDROID -isysroot /home/lyguo/tools/android-ndk-r20b/toolchains/llvm/prebuilt/linux-x86_64/sysroot -internal-isystem /home/lyguo/tools/android-ndk-r20b/toolchains/llvm/prebuilt/linux-x86_64/sysroot/usr/local/include -internal-isystem /home/lyguo/tools/android-ndk-r20b/toolchains/llvm/prebuilt/linux-x86_64/lib64/clang/8.0.7/include -internal-externc-isystem /home/lyguo/tools/android-ndk-r20b/toolchains/llvm/prebuilt/linux-x86_64/sysroot/usr/include/arm-linux-androideabi -internal-externc-isystem /home/lyguo/tools/android-ndk-r20b/toolchains/llvm/prebuilt/linux-x86_64/sysroot/include -internal-externc-isystem /home/lyguo/tools/android-ndk-r20b/toolchains/llvm/prebuilt/linux-x86_64/sysroot/usr/include -Wformat -fdebug-compilation-dir /home/lyguo/github/pytorch-android-cpp-demo/build_android/CMakeFiles/CMakeTmp -ferror-limit 19 -fmessage-length 0 -stack-protector 2 -fno-signed-char -fobjc-runtime=gcc -fdiagnostics-show-option -o CMakeFiles/cmTC_11371.dir/CMakeCCompilerABI.c.o -x c /home/lyguo/tools/cmake-3.18.1-Linux-x86_64/share/cmake-3.18/Modules/CMakeCCompilerABI.c]
  ignore line: [clang -cc1 version 8.0.7 based upon LLVM 8.0.7svn default target x86_64-unknown-linux-gnu]
  ignore line: [ignoring nonexistent directory "/home/lyguo/tools/android-ndk-r20b/toolchains/llvm/prebuilt/linux-x86_64/sysroot/include"]
  ignore line: [#include "..." search starts here:]
  ignore line: [#include <...> search starts here:]
  ignore line: [ /home/lyguo/tools/android-ndk-r20b/toolchains/llvm/prebuilt/linux-x86_64/sysroot/usr/local/include]
  ignore line: [ /home/lyguo/tools/android-ndk-r20b/toolchains/llvm/prebuilt/linux-x86_64/lib64/clang/8.0.7/include]
  ignore line: [ /home/lyguo/tools/android-ndk-r20b/toolchains/llvm/prebuilt/linux-x86_64/sysroot/usr/include/arm-linux-androideabi]
  ignore line: [ /home/lyguo/tools/android-ndk-r20b/toolchains/llvm/prebuilt/linux-x86_64/sysroot/usr/include]
  ignore line: [End of search list.]
  ignore line: [Linking C executable cmTC_11371]
  ignore line: [/home/lyguo/tools/cmake-3.18.1-Linux-x86_64/bin/cmake -E cmake_link_script CMakeFiles/cmTC_11371.dir/link.txt --verbose=1]
  ignore line: [/home/lyguo/tools/android-ndk-r20b/toolchains/llvm/prebuilt/linux-x86_64/bin/clang --target=armv7-none-linux-androideabi21 --gcc-toolchain=/home/lyguo/tools/android-ndk-r20b/toolchains/llvm/prebuilt/linux-x86_64 --sysroot=/home/lyguo/tools/android-ndk-r20b/toolchains/llvm/prebuilt/linux-x86_64/sysroot -g -DANDROID -fdata-sections -ffunction-sections -funwind-tables -fstack-protector-strong -no-canonical-prefixes -fno-addrsig -march=armv7-a -mthumb -mfpu=neon -Wa --noexecstack -Wformat   -Wl --exclude-libs libgcc.a -Wl --exclude-libs libatomic.a -static-libstdc++ -Wl --build-id -Wl --warn-shared-textrel -Wl --fatal-warnings -Wl --exclude-libs libunwind.a -Wl --no-undefined -Qunused-arguments -Wl -z noexecstack -Wl --gc-sections  -v CMakeFiles/cmTC_11371.dir/CMakeCCompilerABI.c.o -o cmTC_11371 ]
  ignore line: [Android (5220042 based on r346389c) clang version 8.0.7 (https://android.googlesource.com/toolchain/clang b55f2d4ebfd35bf643d27dbca1bb228957008617) (https://android.googlesource.com/toolchain/llvm 3c393fe7a7e13b0fba4ac75a01aa683d7a5b11cd) (based on LLVM 8.0.7svn)]
  ignore line: [Target: armv7-none-linux-android21]
  ignore line: [Thread model: posix]
  ignore line: [InstalledDir: /home/lyguo/tools/android-ndk-r20b/toolchains/llvm/prebuilt/linux-x86_64/bin]
  ignore line: [Found candidate GCC installation: /home/lyguo/tools/android-ndk-r20b/toolchains/llvm/prebuilt/linux-x86_64/lib/gcc/arm-linux-androideabi/4.9.x]
  ignore line: [Selected GCC installation: /home/lyguo/tools/android-ndk-r20b/toolchains/llvm/prebuilt/linux-x86_64/lib/gcc/arm-linux-androideabi/4.9.x]
  ignore line: [Candidate multilib: thumb]
  ignore line: [@mthumb]
  ignore line: [Candidate multilib: armv7-a]
  ignore line: [@march=armv7-a]
  ignore line: [Candidate multilib: armv7-a/thumb]
  ignore line: [@march=armv7-a@mthumb]
  ignore line: [Candidate multilib: .]
  ignore line: []
  ignore line: [Selected multilib: armv7-a/thumb]
  ignore line: [@march=armv7-a@mthumb]
  link line: [ "/home/lyguo/tools/android-ndk-r20b/toolchains/llvm/prebuilt/linux-x86_64/lib/gcc/arm-linux-androideabi/4.9.x/../../../../arm-linux-androideabi/bin/ld" --sysroot=/home/lyguo/tools/android-ndk-r20b/toolchains/llvm/prebuilt/linux-x86_64/sysroot -pie -EL -z now -z relro -X --hash-style=gnu --hash-style=both --enable-new-dtags --eh-frame-hdr -m armelf_linux_eabi -dynamic-linker /system/bin/linker -o cmTC_11371 /home/lyguo/tools/android-ndk-r20b/toolchains/llvm/prebuilt/linux-x86_64/sysroot/usr/lib/arm-linux-androideabi/21/crtbegin_dynamic.o -L/home/lyguo/tools/android-ndk-r20b/toolchains/llvm/prebuilt/linux-x86_64/lib64/clang/8.0.7/lib/linux/arm -L/home/lyguo/tools/android-ndk-r20b/toolchains/llvm/prebuilt/linux-x86_64/lib/gcc/arm-linux-androideabi/4.9.x/armv7-a/thumb -L/home/lyguo/tools/android-ndk-r20b/toolchains/llvm/prebuilt/linux-x86_64/lib/gcc/arm-linux-androideabi/4.9.x/../../../../arm-linux-androideabi/lib/../lib/armv7-a/thumb -L/home/lyguo/tools/android-ndk-r20b/toolchains/llvm/prebuilt/linux-x86_64/sysroot/usr/lib/arm-linux-androideabi/21 -L/home/lyguo/tools/android-ndk-r20b/toolchains/llvm/prebuilt/linux-x86_64/sysroot/usr/lib/arm-linux-androideabi -L/home/lyguo/tools/android-ndk-r20b/toolchains/llvm/prebuilt/linux-x86_64/sysroot/usr/lib/../lib -L/home/lyguo/tools/android-ndk-r20b/toolchains/llvm/prebuilt/linux-x86_64/sysroot/usr/lib/arm-linux-androideabi/../../lib -L/home/lyguo/tools/android-ndk-r20b/toolchains/llvm/prebuilt/linux-x86_64/lib/gcc/arm-linux-androideabi/4.9.x/../../../../arm-linux-androideabi/lib/armv7-a/thumb -L/home/lyguo/tools/android-ndk-r20b/toolchains/llvm/prebuilt/linux-x86_64/sysroot/usr/lib --exclude-libs libgcc.a --exclude-libs libatomic.a --build-id --warn-shared-textrel --fatal-warnings --exclude-libs libunwind.a --no-undefined -z noexecstack --gc-sections CMakeFiles/cmTC_11371.dir/CMakeCCompilerABI.c.o -lgcc -ldl -lc -lgcc -ldl /home/lyguo/tools/android-ndk-r20b/toolchains/llvm/prebuilt/linux-x86_64/sysroot/usr/lib/arm-linux-androideabi/21/crtend_android.o]
    arg [/home/lyguo/tools/android-ndk-r20b/toolchains/llvm/prebuilt/linux-x86_64/lib/gcc/arm-linux-androideabi/4.9.x/../../../../arm-linux-androideabi/bin/ld] ==> ignore
    arg [--sysroot=/home/lyguo/tools/android-ndk-r20b/toolchains/llvm/prebuilt/linux-x86_64/sysroot] ==> ignore
    arg [-pie] ==> ignore
    arg [-EL] ==> ignore
    arg [-znow] ==> ignore
    arg [-zrelro] ==> ignore
    arg [-X] ==> ignore
    arg [--hash-style=gnu] ==> ignore
    arg [--hash-style=both] ==> ignore
    arg [--enable-new-dtags] ==> ignore
    arg [--eh-frame-hdr] ==> ignore
    arg [-m] ==> ignore
    arg [armelf_linux_eabi] ==> ignore
    arg [-dynamic-linker] ==> ignore
    arg [/system/bin/linker] ==> ignore
    arg [-o] ==> ignore
    arg [cmTC_11371] ==> ignore
    arg [/home/lyguo/tools/android-ndk-r20b/toolchains/llvm/prebuilt/linux-x86_64/sysroot/usr/lib/arm-linux-androideabi/21/crtbegin_dynamic.o] ==> ignore
    arg [-L/home/lyguo/tools/android-ndk-r20b/toolchains/llvm/prebuilt/linux-x86_64/lib64/clang/8.0.7/lib/linux/arm] ==> dir [/home/lyguo/tools/android-ndk-r20b/toolchains/llvm/prebuilt/linux-x86_64/lib64/clang/8.0.7/lib/linux/arm]
    arg [-L/home/lyguo/tools/android-ndk-r20b/toolchains/llvm/prebuilt/linux-x86_64/lib/gcc/arm-linux-androideabi/4.9.x/armv7-a/thumb] ==> dir [/home/lyguo/tools/android-ndk-r20b/toolchains/llvm/prebuilt/linux-x86_64/lib/gcc/arm-linux-androideabi/4.9.x/armv7-a/thumb]
    arg [-L/home/lyguo/tools/android-ndk-r20b/toolchains/llvm/prebuilt/linux-x86_64/lib/gcc/arm-linux-androideabi/4.9.x/../../../../arm-linux-androideabi/lib/../lib/armv7-a/thumb] ==> dir [/home/lyguo/tools/android-ndk-r20b/toolchains/llvm/prebuilt/linux-x86_64/lib/gcc/arm-linux-androideabi/4.9.x/../../../../arm-linux-androideabi/lib/../lib/armv7-a/thumb]
    arg [-L/home/lyguo/tools/android-ndk-r20b/toolchains/llvm/prebuilt/linux-x86_64/sysroot/usr/lib/arm-linux-androideabi/21] ==> dir [/home/lyguo/tools/android-ndk-r20b/toolchains/llvm/prebuilt/linux-x86_64/sysroot/usr/lib/arm-linux-androideabi/21]
    arg [-L/home/lyguo/tools/android-ndk-r20b/toolchains/llvm/prebuilt/linux-x86_64/sysroot/usr/lib/arm-linux-androideabi] ==> dir [/home/lyguo/tools/android-ndk-r20b/toolchains/llvm/prebuilt/linux-x86_64/sysroot/usr/lib/arm-linux-androideabi]
    arg [-L/home/lyguo/tools/android-ndk-r20b/toolchains/llvm/prebuilt/linux-x86_64/sysroot/usr/lib/../lib] ==> dir [/home/lyguo/tools/android-ndk-r20b/toolchains/llvm/prebuilt/linux-x86_64/sysroot/usr/lib/../lib]
    arg [-L/home/lyguo/tools/android-ndk-r20b/toolchains/llvm/prebuilt/linux-x86_64/sysroot/usr/lib/arm-linux-androideabi/../../lib] ==> dir [/home/lyguo/tools/android-ndk-r20b/toolchains/llvm/prebuilt/linux-x86_64/sysroot/usr/lib/arm-linux-androideabi/../../lib]
    arg [-L/home/lyguo/tools/android-ndk-r20b/toolchains/llvm/prebuilt/linux-x86_64/lib/gcc/arm-linux-androideabi/4.9.x/../../../../arm-linux-androideabi/lib/armv7-a/thumb] ==> dir [/home/lyguo/tools/android-ndk-r20b/toolchains/llvm/prebuilt/linux-x86_64/lib/gcc/arm-linux-androideabi/4.9.x/../../../../arm-linux-androideabi/lib/armv7-a/thumb]
    arg [-L/home/lyguo/tools/android-ndk-r20b/toolchains/llvm/prebuilt/linux-x86_64/sysroot/usr/lib] ==> dir [/home/lyguo/tools/android-ndk-r20b/toolchains/llvm/prebuilt/linux-x86_64/sysroot/usr/lib]
    arg [--exclude-libs] ==> ignore
    arg [libgcc.a] ==> ignore
    arg [--exclude-libs] ==> ignore
    arg [libatomic.a] ==> ignore
    arg [--build-id] ==> ignore
    arg [--warn-shared-textrel] ==> ignore
    arg [--fatal-warnings] ==> ignore
    arg [--exclude-libs] ==> ignore
    arg [libunwind.a] ==> ignore
    arg [--no-undefined] ==> ignore
    arg [-znoexecstack] ==> ignore
    arg [--gc-sections] ==> ignore
    arg [CMakeFiles/cmTC_11371.dir/CMakeCCompilerABI.c.o] ==> ignore
    arg [-lgcc] ==> lib [gcc]
    arg [-ldl] ==> lib [dl]
    arg [-lc] ==> lib [c]
    arg [-lgcc] ==> lib [gcc]
    arg [-ldl] ==> lib [dl]
    arg [/home/lyguo/tools/android-ndk-r20b/toolchains/llvm/prebuilt/linux-x86_64/sysroot/usr/lib/arm-linux-androideabi/21/crtend_android.o] ==> ignore
  collapse library dir [/home/lyguo/tools/android-ndk-r20b/toolchains/llvm/prebuilt/linux-x86_64/lib64/clang/8.0.7/lib/linux/arm] ==> [/home/lyguo/tools/android-ndk-r20b/toolchains/llvm/prebuilt/linux-x86_64/lib64/clang/8.0.7/lib/linux/arm]
  collapse library dir [/home/lyguo/tools/android-ndk-r20b/toolchains/llvm/prebuilt/linux-x86_64/lib/gcc/arm-linux-androideabi/4.9.x/armv7-a/thumb] ==> [/home/lyguo/tools/android-ndk-r20b/toolchains/llvm/prebuilt/linux-x86_64/lib/gcc/arm-linux-androideabi/4.9.x/armv7-a/thumb]
  collapse library dir [/home/lyguo/tools/android-ndk-r20b/toolchains/llvm/prebuilt/linux-x86_64/lib/gcc/arm-linux-androideabi/4.9.x/../../../../arm-linux-androideabi/lib/../lib/armv7-a/thumb] ==> [/home/lyguo/tools/android-ndk-r20b/toolchains/llvm/prebuilt/linux-x86_64/arm-linux-androideabi/lib/armv7-a/thumb]
  collapse library dir [/home/lyguo/tools/android-ndk-r20b/toolchains/llvm/prebuilt/linux-x86_64/sysroot/usr/lib/arm-linux-androideabi/21] ==> [/home/lyguo/tools/android-ndk-r20b/toolchains/llvm/prebuilt/linux-x86_64/sysroot/usr/lib/arm-linux-androideabi/21]
  collapse library dir [/home/lyguo/tools/android-ndk-r20b/toolchains/llvm/prebuilt/linux-x86_64/sysroot/usr/lib/arm-linux-androideabi] ==> [/home/lyguo/tools/android-ndk-r20b/toolchains/llvm/prebuilt/linux-x86_64/sysroot/usr/lib/arm-linux-androideabi]
  collapse library dir [/home/lyguo/tools/android-ndk-r20b/toolchains/llvm/prebuilt/linux-x86_64/sysroot/usr/lib/../lib] ==> [/home/lyguo/tools/android-ndk-r20b/toolchains/llvm/prebuilt/linux-x86_64/sysroot/usr/lib]
  collapse library dir [/home/lyguo/tools/android-ndk-r20b/toolchains/llvm/prebuilt/linux-x86_64/sysroot/usr/lib/arm-linux-androideabi/../../lib] ==> [/home/lyguo/tools/android-ndk-r20b/toolchains/llvm/prebuilt/linux-x86_64/sysroot/usr/lib]
  collapse library dir [/home/lyguo/tools/android-ndk-r20b/toolchains/llvm/prebuilt/linux-x86_64/lib/gcc/arm-linux-androideabi/4.9.x/../../../../arm-linux-androideabi/lib/armv7-a/thumb] ==> [/home/lyguo/tools/android-ndk-r20b/toolchains/llvm/prebuilt/linux-x86_64/arm-linux-androideabi/lib/armv7-a/thumb]
  collapse library dir [/home/lyguo/tools/android-ndk-r20b/toolchains/llvm/prebuilt/linux-x86_64/sysroot/usr/lib] ==> [/home/lyguo/tools/android-ndk-r20b/toolchains/llvm/prebuilt/linux-x86_64/sysroot/usr/lib]
  implicit libs: [gcc;dl;c;gcc;dl]
  implicit dirs: [/home/lyguo/tools/android-ndk-r20b/toolchains/llvm/prebuilt/linux-x86_64/lib64/clang/8.0.7/lib/linux/arm;/home/lyguo/tools/android-ndk-r20b/toolchains/llvm/prebuilt/linux-x86_64/lib/gcc/arm-linux-androideabi/4.9.x/armv7-a/thumb;/home/lyguo/tools/android-ndk-r20b/toolchains/llvm/prebuilt/linux-x86_64/arm-linux-androideabi/lib/armv7-a/thumb;/home/lyguo/tools/android-ndk-r20b/toolchains/llvm/prebuilt/linux-x86_64/sysroot/usr/lib/arm-linux-androideabi/21;/home/lyguo/tools/android-ndk-r20b/toolchains/llvm/prebuilt/linux-x86_64/sysroot/usr/lib/arm-linux-androideabi;/home/lyguo/tools/android-ndk-r20b/toolchains/llvm/prebuilt/linux-x86_64/sysroot/usr/lib]
  implicit fwks: []


Detecting CXX compiler ABI info compiled with the following output:
Change Dir: /home/lyguo/github/pytorch-android-cpp-demo/build_android/CMakeFiles/CMakeTmp

Run Build Command(s):/usr/bin/make cmTC_31398/fast && /usr/bin/make  -f CMakeFiles/cmTC_31398.dir/build.make CMakeFiles/cmTC_31398.dir/build
make[1]: Entering directory '/home/lyguo/github/pytorch-android-cpp-demo/build_android/CMakeFiles/CMakeTmp'
Building CXX object CMakeFiles/cmTC_31398.dir/CMakeCXXCompilerABI.cpp.o
/home/lyguo/tools/android-ndk-r20b/toolchains/llvm/prebuilt/linux-x86_64/bin/clang++ --target=armv7-none-linux-androideabi21 --gcc-toolchain=/home/lyguo/tools/android-ndk-r20b/toolchains/llvm/prebuilt/linux-x86_64 --sysroot=/home/lyguo/tools/android-ndk-r20b/toolchains/llvm/prebuilt/linux-x86_64/sysroot   -g -DANDROID -fdata-sections -ffunction-sections -funwind-tables -fstack-protector-strong -no-canonical-prefixes -fno-addrsig -march=armv7-a -mthumb -mfpu=neon -Wa,--noexecstack -Wformat -frtti -fexceptions   -fPIE   -v -o CMakeFiles/cmTC_31398.dir/CMakeCXXCompilerABI.cpp.o -c /home/lyguo/tools/cmake-3.18.1-Linux-x86_64/share/cmake-3.18/Modules/CMakeCXXCompilerABI.cpp
Android (5220042 based on r346389c) clang version 8.0.7 (https://android.googlesource.com/toolchain/clang b55f2d4ebfd35bf643d27dbca1bb228957008617) (https://android.googlesource.com/toolchain/llvm 3c393fe7a7e13b0fba4ac75a01aa683d7a5b11cd) (based on LLVM 8.0.7svn)
Target: armv7-none-linux-android21
Thread model: posix
InstalledDir: /home/lyguo/tools/android-ndk-r20b/toolchains/llvm/prebuilt/linux-x86_64/bin
Found candidate GCC installation: /home/lyguo/tools/android-ndk-r20b/toolchains/llvm/prebuilt/linux-x86_64/lib/gcc/arm-linux-androideabi/4.9.x
Selected GCC installation: /home/lyguo/tools/android-ndk-r20b/toolchains/llvm/prebuilt/linux-x86_64/lib/gcc/arm-linux-androideabi/4.9.x
Candidate multilib: thumb;@mthumb
Candidate multilib: armv7-a;@march=armv7-a
Candidate multilib: armv7-a/thumb;@march=armv7-a@mthumb
Candidate multilib: .;
Selected multilib: armv7-a/thumb;@march=armv7-a@mthumb
 "/home/lyguo/tools/android-ndk-r20b/toolchains/llvm/prebuilt/linux-x86_64/bin/clang++" -cc1 -triple thumbv7-none-linux-android21 -emit-obj -mrelax-all -mnoexecstack -disable-free -disable-llvm-verifier -discard-value-names -main-file-name CMakeCXXCompilerABI.cpp -mrelocation-model pic -pic-level 2 -pic-is-pie -mthread-model posix -mdisable-fp-elim -masm-verbose -mconstructor-aliases -munwind-tables -fuse-init-array -target-cpu generic -target-feature +soft-float-abi -target-feature -fp-only-sp -target-feature -d16 -target-feature +vfp3 -target-feature -fp16 -target-feature -vfp4 -target-feature -fp-armv8 -target-feature +neon -target-feature -crypto -target-abi aapcs-linux -mfloat-abi soft -fallow-half-arguments-and-returns -dwarf-column-info -debug-info-kind=limited -dwarf-version=4 -debugger-tuning=gdb -v -ffunction-sections -fdata-sections -coverage-notes-file /home/lyguo/github/pytorch-android-cpp-demo/build_android/CMakeFiles/CMakeTmp/CMakeFiles/cmTC_31398.dir/CMakeCXXCompilerABI.cpp.gcno -resource-dir /home/lyguo/tools/android-ndk-r20b/toolchains/llvm/prebuilt/linux-x86_64/lib64/clang/8.0.7 -D ANDROID -isysroot /home/lyguo/tools/android-ndk-r20b/toolchains/llvm/prebuilt/linux-x86_64/sysroot -internal-isystem /home/lyguo/tools/android-ndk-r20b/toolchains/llvm/prebuilt/linux-x86_64/sysroot/usr/include/c++/v1 -internal-isystem /home/lyguo/tools/android-ndk-r20b/toolchains/llvm/prebuilt/linux-x86_64/sysroot/usr/local/include -internal-isystem /home/lyguo/tools/android-ndk-r20b/toolchains/llvm/prebuilt/linux-x86_64/lib64/clang/8.0.7/include -internal-externc-isystem /home/lyguo/tools/android-ndk-r20b/toolchains/llvm/prebuilt/linux-x86_64/sysroot/usr/include/arm-linux-androideabi -internal-externc-isystem /home/lyguo/tools/android-ndk-r20b/toolchains/llvm/prebuilt/linux-x86_64/sysroot/include -internal-externc-isystem /home/lyguo/tools/android-ndk-r20b/toolchains/llvm/prebuilt/linux-x86_64/sysroot/usr/include -Wformat -fdeprecated-macro -fdebug-compilation-dir /home/lyguo/github/pytorch-android-cpp-demo/build_android/CMakeFiles/CMakeTmp -ferror-limit 19 -fmessage-length 0 -stack-protector 2 -fno-signed-char -fobjc-runtime=gcc -fcxx-exceptions -fexceptions -fdiagnostics-show-option -o CMakeFiles/cmTC_31398.dir/CMakeCXXCompilerABI.cpp.o -x c++ /home/lyguo/tools/cmake-3.18.1-Linux-x86_64/share/cmake-3.18/Modules/CMakeCXXCompilerABI.cpp
clang -cc1 version 8.0.7 based upon LLVM 8.0.7svn default target x86_64-unknown-linux-gnu
ignoring nonexistent directory "/home/lyguo/tools/android-ndk-r20b/toolchains/llvm/prebuilt/linux-x86_64/sysroot/include"
#include "..." search starts here:
#include <...> search starts here:
 /home/lyguo/tools/android-ndk-r20b/toolchains/llvm/prebuilt/linux-x86_64/sysroot/usr/include/c++/v1
 /home/lyguo/tools/android-ndk-r20b/toolchains/llvm/prebuilt/linux-x86_64/sysroot/usr/local/include
 /home/lyguo/tools/android-ndk-r20b/toolchains/llvm/prebuilt/linux-x86_64/lib64/clang/8.0.7/include
 /home/lyguo/tools/android-ndk-r20b/toolchains/llvm/prebuilt/linux-x86_64/sysroot/usr/include/arm-linux-androideabi
 /home/lyguo/tools/android-ndk-r20b/toolchains/llvm/prebuilt/linux-x86_64/sysroot/usr/include
End of search list.
Linking CXX executable cmTC_31398
/home/lyguo/tools/cmake-3.18.1-Linux-x86_64/bin/cmake -E cmake_link_script CMakeFiles/cmTC_31398.dir/link.txt --verbose=1
/home/lyguo/tools/android-ndk-r20b/toolchains/llvm/prebuilt/linux-x86_64/bin/clang++ --target=armv7-none-linux-androideabi21 --gcc-toolchain=/home/lyguo/tools/android-ndk-r20b/toolchains/llvm/prebuilt/linux-x86_64 --sysroot=/home/lyguo/tools/android-ndk-r20b/toolchains/llvm/prebuilt/linux-x86_64/sysroot -g -DANDROID -fdata-sections -ffunction-sections -funwind-tables -fstack-protector-strong -no-canonical-prefixes -fno-addrsig -march=armv7-a -mthumb -mfpu=neon -Wa,--noexecstack -Wformat -frtti -fexceptions   -Wl,--exclude-libs,libgcc.a -Wl,--exclude-libs,libatomic.a -static-libstdc++ -Wl,--build-id -Wl,--warn-shared-textrel -Wl,--fatal-warnings -Wl,--exclude-libs,libunwind.a -Wl,--no-undefined -Qunused-arguments -Wl,-z,noexecstack -Wl,--gc-sections  -v CMakeFiles/cmTC_31398.dir/CMakeCXXCompilerABI.cpp.o -o cmTC_31398 
Android (5220042 based on r346389c) clang version 8.0.7 (https://android.googlesource.com/toolchain/clang b55f2d4ebfd35bf643d27dbca1bb228957008617) (https://android.googlesource.com/toolchain/llvm 3c393fe7a7e13b0fba4ac75a01aa683d7a5b11cd) (based on LLVM 8.0.7svn)
Target: armv7-none-linux-android21
Thread model: posix
InstalledDir: /home/lyguo/tools/android-ndk-r20b/toolchains/llvm/prebuilt/linux-x86_64/bin
Found candidate GCC installation: /home/lyguo/tools/android-ndk-r20b/toolchains/llvm/prebuilt/linux-x86_64/lib/gcc/arm-linux-androideabi/4.9.x
Selected GCC installation: /home/lyguo/tools/android-ndk-r20b/toolchains/llvm/prebuilt/linux-x86_64/lib/gcc/arm-linux-androideabi/4.9.x
Candidate multilib: thumb;@mthumb
Candidate multilib: armv7-a;@march=armv7-a
Candidate multilib: armv7-a/thumb;@march=armv7-a@mthumb
Candidate multilib: .;
Selected multilib: armv7-a/thumb;@march=armv7-a@mthumb
 "/home/lyguo/tools/android-ndk-r20b/toolchains/llvm/prebuilt/linux-x86_64/lib/gcc/arm-linux-androideabi/4.9.x/../../../../arm-linux-androideabi/bin/ld" --sysroot=/home/lyguo/tools/android-ndk-r20b/toolchains/llvm/prebuilt/linux-x86_64/sysroot -pie -EL -z now -z relro -X --hash-style=gnu --hash-style=both --enable-new-dtags --eh-frame-hdr -m armelf_linux_eabi -dynamic-linker /system/bin/linker -o cmTC_31398 /home/lyguo/tools/android-ndk-r20b/toolchains/llvm/prebuilt/linux-x86_64/sysroot/usr/lib/arm-linux-androideabi/21/crtbegin_dynamic.o -L/home/lyguo/tools/android-ndk-r20b/toolchains/llvm/prebuilt/linux-x86_64/lib64/clang/8.0.7/lib/linux/arm -L/home/lyguo/tools/android-ndk-r20b/toolchains/llvm/prebuilt/linux-x86_64/lib/gcc/arm-linux-androideabi/4.9.x/armv7-a/thumb -L/home/lyguo/tools/android-ndk-r20b/toolchains/llvm/prebuilt/linux-x86_64/lib/gcc/arm-linux-androideabi/4.9.x/../../../../arm-linux-androideabi/lib/../lib/armv7-a/thumb -L/home/lyguo/tools/android-ndk-r20b/toolchains/llvm/prebuilt/linux-x86_64/sysroot/usr/lib/arm-linux-androideabi/21 -L/home/lyguo/tools/android-ndk-r20b/toolchains/llvm/prebuilt/linux-x86_64/sysroot/usr/lib/arm-linux-androideabi -L/home/lyguo/tools/android-ndk-r20b/toolchains/llvm/prebuilt/linux-x86_64/sysroot/usr/lib/../lib -L/home/lyguo/tools/android-ndk-r20b/toolchains/llvm/prebuilt/linux-x86_64/sysroot/usr/lib/arm-linux-androideabi/../../lib -L/home/lyguo/tools/android-ndk-r20b/toolchains/llvm/prebuilt/linux-x86_64/lib/gcc/arm-linux-androideabi/4.9.x/../../../../arm-linux-androideabi/lib/armv7-a/thumb -L/home/lyguo/tools/android-ndk-r20b/toolchains/llvm/prebuilt/linux-x86_64/sysroot/usr/lib --exclude-libs libgcc.a --exclude-libs libatomic.a --build-id --warn-shared-textrel --fatal-warnings --exclude-libs libunwind.a --no-undefined -z noexecstack --gc-sections CMakeFiles/cmTC_31398.dir/CMakeCXXCompilerABI.cpp.o -Bstatic -lc++ -Bdynamic -lm -lgcc -ldl -lc -lgcc -ldl /home/lyguo/tools/android-ndk-r20b/toolchains/llvm/prebuilt/linux-x86_64/sysroot/usr/lib/arm-linux-androideabi/21/crtend_android.o
make[1]: Leaving directory '/home/lyguo/github/pytorch-android-cpp-demo/build_android/CMakeFiles/CMakeTmp'



Parsed CXX implicit include dir info from above output: rv=done
  found start of include info
  found start of implicit include info
    add: [/home/lyguo/tools/android-ndk-r20b/toolchains/llvm/prebuilt/linux-x86_64/sysroot/usr/include/c++/v1]
    add: [/home/lyguo/tools/android-ndk-r20b/toolchains/llvm/prebuilt/linux-x86_64/sysroot/usr/local/include]
    add: [/home/lyguo/tools/android-ndk-r20b/toolchains/llvm/prebuilt/linux-x86_64/lib64/clang/8.0.7/include]
    add: [/home/lyguo/tools/android-ndk-r20b/toolchains/llvm/prebuilt/linux-x86_64/sysroot/usr/include/arm-linux-androideabi]
    add: [/home/lyguo/tools/android-ndk-r20b/toolchains/llvm/prebuilt/linux-x86_64/sysroot/usr/include]
  end of search list found
  collapse include dir [/home/lyguo/tools/android-ndk-r20b/toolchains/llvm/prebuilt/linux-x86_64/sysroot/usr/include/c++/v1] ==> [/home/lyguo/tools/android-ndk-r20b/toolchains/llvm/prebuilt/linux-x86_64/sysroot/usr/include/c++/v1]
  collapse include dir [/home/lyguo/tools/android-ndk-r20b/toolchains/llvm/prebuilt/linux-x86_64/sysroot/usr/local/include] ==> [/home/lyguo/tools/android-ndk-r20b/toolchains/llvm/prebuilt/linux-x86_64/sysroot/usr/local/include]
  collapse include dir [/home/lyguo/tools/android-ndk-r20b/toolchains/llvm/prebuilt/linux-x86_64/lib64/clang/8.0.7/include] ==> [/home/lyguo/tools/android-ndk-r20b/toolchains/llvm/prebuilt/linux-x86_64/lib64/clang/8.0.7/include]
  collapse include dir [/home/lyguo/tools/android-ndk-r20b/toolchains/llvm/prebuilt/linux-x86_64/sysroot/usr/include/arm-linux-androideabi] ==> [/home/lyguo/tools/android-ndk-r20b/toolchains/llvm/prebuilt/linux-x86_64/sysroot/usr/include/arm-linux-androideabi]
  collapse include dir [/home/lyguo/tools/android-ndk-r20b/toolchains/llvm/prebuilt/linux-x86_64/sysroot/usr/include] ==> [/home/lyguo/tools/android-ndk-r20b/toolchains/llvm/prebuilt/linux-x86_64/sysroot/usr/include]
  implicit include dirs: [/home/lyguo/tools/android-ndk-r20b/toolchains/llvm/prebuilt/linux-x86_64/sysroot/usr/include/c++/v1;/home/lyguo/tools/android-ndk-r20b/toolchains/llvm/prebuilt/linux-x86_64/sysroot/usr/local/include;/home/lyguo/tools/android-ndk-r20b/toolchains/llvm/prebuilt/linux-x86_64/lib64/clang/8.0.7/include;/home/lyguo/tools/android-ndk-r20b/toolchains/llvm/prebuilt/linux-x86_64/sysroot/usr/include/arm-linux-androideabi;/home/lyguo/tools/android-ndk-r20b/toolchains/llvm/prebuilt/linux-x86_64/sysroot/usr/include]


Parsed CXX implicit link information from above output:
  link line regex: [^( *|.*[/\])(arm-linux-androideabi-ld|CMAKE_LINK_STARTFILE-NOTFOUND|([^/\]+-)?ld|collect2)[^/\]*( |$)]
  ignore line: [Change Dir: /home/lyguo/github/pytorch-android-cpp-demo/build_android/CMakeFiles/CMakeTmp]
  ignore line: []
  ignore line: [Run Build Command(s):/usr/bin/make cmTC_31398/fast && /usr/bin/make  -f CMakeFiles/cmTC_31398.dir/build.make CMakeFiles/cmTC_31398.dir/build]
  ignore line: [make[1]: Entering directory '/home/lyguo/github/pytorch-android-cpp-demo/build_android/CMakeFiles/CMakeTmp']
  ignore line: [Building CXX object CMakeFiles/cmTC_31398.dir/CMakeCXXCompilerABI.cpp.o]
  ignore line: [/home/lyguo/tools/android-ndk-r20b/toolchains/llvm/prebuilt/linux-x86_64/bin/clang++ --target=armv7-none-linux-androideabi21 --gcc-toolchain=/home/lyguo/tools/android-ndk-r20b/toolchains/llvm/prebuilt/linux-x86_64 --sysroot=/home/lyguo/tools/android-ndk-r20b/toolchains/llvm/prebuilt/linux-x86_64/sysroot   -g -DANDROID -fdata-sections -ffunction-sections -funwind-tables -fstack-protector-strong -no-canonical-prefixes -fno-addrsig -march=armv7-a -mthumb -mfpu=neon -Wa --noexecstack -Wformat -frtti -fexceptions   -fPIE   -v -o CMakeFiles/cmTC_31398.dir/CMakeCXXCompilerABI.cpp.o -c /home/lyguo/tools/cmake-3.18.1-Linux-x86_64/share/cmake-3.18/Modules/CMakeCXXCompilerABI.cpp]
  ignore line: [Android (5220042 based on r346389c) clang version 8.0.7 (https://android.googlesource.com/toolchain/clang b55f2d4ebfd35bf643d27dbca1bb228957008617) (https://android.googlesource.com/toolchain/llvm 3c393fe7a7e13b0fba4ac75a01aa683d7a5b11cd) (based on LLVM 8.0.7svn)]
  ignore line: [Target: armv7-none-linux-android21]
  ignore line: [Thread model: posix]
  ignore line: [InstalledDir: /home/lyguo/tools/android-ndk-r20b/toolchains/llvm/prebuilt/linux-x86_64/bin]
  ignore line: [Found candidate GCC installation: /home/lyguo/tools/android-ndk-r20b/toolchains/llvm/prebuilt/linux-x86_64/lib/gcc/arm-linux-androideabi/4.9.x]
  ignore line: [Selected GCC installation: /home/lyguo/tools/android-ndk-r20b/toolchains/llvm/prebuilt/linux-x86_64/lib/gcc/arm-linux-androideabi/4.9.x]
  ignore line: [Candidate multilib: thumb]
  ignore line: [@mthumb]
  ignore line: [Candidate multilib: armv7-a]
  ignore line: [@march=armv7-a]
  ignore line: [Candidate multilib: armv7-a/thumb]
  ignore line: [@march=armv7-a@mthumb]
  ignore line: [Candidate multilib: .]
  ignore line: []
  ignore line: [Selected multilib: armv7-a/thumb]
  ignore line: [@march=armv7-a@mthumb]
  ignore line: [ "/home/lyguo/tools/android-ndk-r20b/toolchains/llvm/prebuilt/linux-x86_64/bin/clang++" -cc1 -triple thumbv7-none-linux-android21 -emit-obj -mrelax-all -mnoexecstack -disable-free -disable-llvm-verifier -discard-value-names -main-file-name CMakeCXXCompilerABI.cpp -mrelocation-model pic -pic-level 2 -pic-is-pie -mthread-model posix -mdisable-fp-elim -masm-verbose -mconstructor-aliases -munwind-tables -fuse-init-array -target-cpu generic -target-feature +soft-float-abi -target-feature -fp-only-sp -target-feature -d16 -target-feature +vfp3 -target-feature -fp16 -target-feature -vfp4 -target-feature -fp-armv8 -target-feature +neon -target-feature -crypto -target-abi aapcs-linux -mfloat-abi soft -fallow-half-arguments-and-returns -dwarf-column-info -debug-info-kind=limited -dwarf-version=4 -debugger-tuning=gdb -v -ffunction-sections -fdata-sections -coverage-notes-file /home/lyguo/github/pytorch-android-cpp-demo/build_android/CMakeFiles/CMakeTmp/CMakeFiles/cmTC_31398.dir/CMakeCXXCompilerABI.cpp.gcno -resource-dir /home/lyguo/tools/android-ndk-r20b/toolchains/llvm/prebuilt/linux-x86_64/lib64/clang/8.0.7 -D ANDROID -isysroot /home/lyguo/tools/android-ndk-r20b/toolchains/llvm/prebuilt/linux-x86_64/sysroot -internal-isystem /home/lyguo/tools/android-ndk-r20b/toolchains/llvm/prebuilt/linux-x86_64/sysroot/usr/include/c++/v1 -internal-isystem /home/lyguo/tools/android-ndk-r20b/toolchains/llvm/prebuilt/linux-x86_64/sysroot/usr/local/include -internal-isystem /home/lyguo/tools/android-ndk-r20b/toolchains/llvm/prebuilt/linux-x86_64/lib64/clang/8.0.7/include -internal-externc-isystem /home/lyguo/tools/android-ndk-r20b/toolchains/llvm/prebuilt/linux-x86_64/sysroot/usr/include/arm-linux-androideabi -internal-externc-isystem /home/lyguo/tools/android-ndk-r20b/toolchains/llvm/prebuilt/linux-x86_64/sysroot/include -internal-externc-isystem /home/lyguo/tools/android-ndk-r20b/toolchains/llvm/prebuilt/linux-x86_64/sysroot/usr/include -Wformat -fdeprecated-macro -fdebug-compilation-dir /home/lyguo/github/pytorch-android-cpp-demo/build_android/CMakeFiles/CMakeTmp -ferror-limit 19 -fmessage-length 0 -stack-protector 2 -fno-signed-char -fobjc-runtime=gcc -fcxx-exceptions -fexceptions -fdiagnostics-show-option -o CMakeFiles/cmTC_31398.dir/CMakeCXXCompilerABI.cpp.o -x c++ /home/lyguo/tools/cmake-3.18.1-Linux-x86_64/share/cmake-3.18/Modules/CMakeCXXCompilerABI.cpp]
  ignore line: [clang -cc1 version 8.0.7 based upon LLVM 8.0.7svn default target x86_64-unknown-linux-gnu]
  ignore line: [ignoring nonexistent directory "/home/lyguo/tools/android-ndk-r20b/toolchains/llvm/prebuilt/linux-x86_64/sysroot/include"]
  ignore line: [#include "..." search starts here:]
  ignore line: [#include <...> search starts here:]
  ignore line: [ /home/lyguo/tools/android-ndk-r20b/toolchains/llvm/prebuilt/linux-x86_64/sysroot/usr/include/c++/v1]
  ignore line: [ /home/lyguo/tools/android-ndk-r20b/toolchains/llvm/prebuilt/linux-x86_64/sysroot/usr/local/include]
  ignore line: [ /home/lyguo/tools/android-ndk-r20b/toolchains/llvm/prebuilt/linux-x86_64/lib64/clang/8.0.7/include]
  ignore line: [ /home/lyguo/tools/android-ndk-r20b/toolchains/llvm/prebuilt/linux-x86_64/sysroot/usr/include/arm-linux-androideabi]
  ignore line: [ /home/lyguo/tools/android-ndk-r20b/toolchains/llvm/prebuilt/linux-x86_64/sysroot/usr/include]
  ignore line: [End of search list.]
  ignore line: [Linking CXX executable cmTC_31398]
  ignore line: [/home/lyguo/tools/cmake-3.18.1-Linux-x86_64/bin/cmake -E cmake_link_script CMakeFiles/cmTC_31398.dir/link.txt --verbose=1]
  ignore line: [/home/lyguo/tools/android-ndk-r20b/toolchains/llvm/prebuilt/linux-x86_64/bin/clang++ --target=armv7-none-linux-androideabi21 --gcc-toolchain=/home/lyguo/tools/android-ndk-r20b/toolchains/llvm/prebuilt/linux-x86_64 --sysroot=/home/lyguo/tools/android-ndk-r20b/toolchains/llvm/prebuilt/linux-x86_64/sysroot -g -DANDROID -fdata-sections -ffunction-sections -funwind-tables -fstack-protector-strong -no-canonical-prefixes -fno-addrsig -march=armv7-a -mthumb -mfpu=neon -Wa --noexecstack -Wformat -frtti -fexceptions   -Wl --exclude-libs libgcc.a -Wl --exclude-libs libatomic.a -static-libstdc++ -Wl --build-id -Wl --warn-shared-textrel -Wl --fatal-warnings -Wl --exclude-libs libunwind.a -Wl --no-undefined -Qunused-arguments -Wl -z noexecstack -Wl --gc-sections  -v CMakeFiles/cmTC_31398.dir/CMakeCXXCompilerABI.cpp.o -o cmTC_31398 ]
  ignore line: [Android (5220042 based on r346389c) clang version 8.0.7 (https://android.googlesource.com/toolchain/clang b55f2d4ebfd35bf643d27dbca1bb228957008617) (https://android.googlesource.com/toolchain/llvm 3c393fe7a7e13b0fba4ac75a01aa683d7a5b11cd) (based on LLVM 8.0.7svn)]
  ignore line: [Target: armv7-none-linux-android21]
  ignore line: [Thread model: posix]
  ignore line: [InstalledDir: /home/lyguo/tools/android-ndk-r20b/toolchains/llvm/prebuilt/linux-x86_64/bin]
  ignore line: [Found candidate GCC installation: /home/lyguo/tools/android-ndk-r20b/toolchains/llvm/prebuilt/linux-x86_64/lib/gcc/arm-linux-androideabi/4.9.x]
  ignore line: [Selected GCC installation: /home/lyguo/tools/android-ndk-r20b/toolchains/llvm/prebuilt/linux-x86_64/lib/gcc/arm-linux-androideabi/4.9.x]
  ignore line: [Candidate multilib: thumb]
  ignore line: [@mthumb]
  ignore line: [Candidate multilib: armv7-a]
  ignore line: [@march=armv7-a]
  ignore line: [Candidate multilib: armv7-a/thumb]
  ignore line: [@march=armv7-a@mthumb]
  ignore line: [Candidate multilib: .]
  ignore line: []
  ignore line: [Selected multilib: armv7-a/thumb]
  ignore line: [@march=armv7-a@mthumb]
  link line: [ "/home/lyguo/tools/android-ndk-r20b/toolchains/llvm/prebuilt/linux-x86_64/lib/gcc/arm-linux-androideabi/4.9.x/../../../../arm-linux-androideabi/bin/ld" --sysroot=/home/lyguo/tools/android-ndk-r20b/toolchains/llvm/prebuilt/linux-x86_64/sysroot -pie -EL -z now -z relro -X --hash-style=gnu --hash-style=both --enable-new-dtags --eh-frame-hdr -m armelf_linux_eabi -dynamic-linker /system/bin/linker -o cmTC_31398 /home/lyguo/tools/android-ndk-r20b/toolchains/llvm/prebuilt/linux-x86_64/sysroot/usr/lib/arm-linux-androideabi/21/crtbegin_dynamic.o -L/home/lyguo/tools/android-ndk-r20b/toolchains/llvm/prebuilt/linux-x86_64/lib64/clang/8.0.7/lib/linux/arm -L/home/lyguo/tools/android-ndk-r20b/toolchains/llvm/prebuilt/linux-x86_64/lib/gcc/arm-linux-androideabi/4.9.x/armv7-a/thumb -L/home/lyguo/tools/android-ndk-r20b/toolchains/llvm/prebuilt/linux-x86_64/lib/gcc/arm-linux-androideabi/4.9.x/../../../../arm-linux-androideabi/lib/../lib/armv7-a/thumb -L/home/lyguo/tools/android-ndk-r20b/toolchains/llvm/prebuilt/linux-x86_64/sysroot/usr/lib/arm-linux-androideabi/21 -L/home/lyguo/tools/android-ndk-r20b/toolchains/llvm/prebuilt/linux-x86_64/sysroot/usr/lib/arm-linux-androideabi -L/home/lyguo/tools/android-ndk-r20b/toolchains/llvm/prebuilt/linux-x86_64/sysroot/usr/lib/../lib -L/home/lyguo/tools/android-ndk-r20b/toolchains/llvm/prebuilt/linux-x86_64/sysroot/usr/lib/arm-linux-androideabi/../../lib -L/home/lyguo/tools/android-ndk-r20b/toolchains/llvm/prebuilt/linux-x86_64/lib/gcc/arm-linux-androideabi/4.9.x/../../../../arm-linux-androideabi/lib/armv7-a/thumb -L/home/lyguo/tools/android-ndk-r20b/toolchains/llvm/prebuilt/linux-x86_64/sysroot/usr/lib --exclude-libs libgcc.a --exclude-libs libatomic.a --build-id --warn-shared-textrel --fatal-warnings --exclude-libs libunwind.a --no-undefined -z noexecstack --gc-sections CMakeFiles/cmTC_31398.dir/CMakeCXXCompilerABI.cpp.o -Bstatic -lc++ -Bdynamic -lm -lgcc -ldl -lc -lgcc -ldl /home/lyguo/tools/android-ndk-r20b/toolchains/llvm/prebuilt/linux-x86_64/sysroot/usr/lib/arm-linux-androideabi/21/crtend_android.o]
    arg [/home/lyguo/tools/android-ndk-r20b/toolchains/llvm/prebuilt/linux-x86_64/lib/gcc/arm-linux-androideabi/4.9.x/../../../../arm-linux-androideabi/bin/ld] ==> ignore
    arg [--sysroot=/home/lyguo/tools/android-ndk-r20b/toolchains/llvm/prebuilt/linux-x86_64/sysroot] ==> ignore
    arg [-pie] ==> ignore
    arg [-EL] ==> ignore
    arg [-znow] ==> ignore
    arg [-zrelro] ==> ignore
    arg [-X] ==> ignore
    arg [--hash-style=gnu] ==> ignore
    arg [--hash-style=both] ==> ignore
    arg [--enable-new-dtags] ==> ignore
    arg [--eh-frame-hdr] ==> ignore
    arg [-m] ==> ignore
    arg [armelf_linux_eabi] ==> ignore
    arg [-dynamic-linker] ==> ignore
    arg [/system/bin/linker] ==> ignore
    arg [-o] ==> ignore
    arg [cmTC_31398] ==> ignore
    arg [/home/lyguo/tools/android-ndk-r20b/toolchains/llvm/prebuilt/linux-x86_64/sysroot/usr/lib/arm-linux-androideabi/21/crtbegin_dynamic.o] ==> ignore
    arg [-L/home/lyguo/tools/android-ndk-r20b/toolchains/llvm/prebuilt/linux-x86_64/lib64/clang/8.0.7/lib/linux/arm] ==> dir [/home/lyguo/tools/android-ndk-r20b/toolchains/llvm/prebuilt/linux-x86_64/lib64/clang/8.0.7/lib/linux/arm]
    arg [-L/home/lyguo/tools/android-ndk-r20b/toolchains/llvm/prebuilt/linux-x86_64/lib/gcc/arm-linux-androideabi/4.9.x/armv7-a/thumb] ==> dir [/home/lyguo/tools/android-ndk-r20b/toolchains/llvm/prebuilt/linux-x86_64/lib/gcc/arm-linux-androideabi/4.9.x/armv7-a/thumb]
    arg [-L/home/lyguo/tools/android-ndk-r20b/toolchains/llvm/prebuilt/linux-x86_64/lib/gcc/arm-linux-androideabi/4.9.x/../../../../arm-linux-androideabi/lib/../lib/armv7-a/thumb] ==> dir [/home/lyguo/tools/android-ndk-r20b/toolchains/llvm/prebuilt/linux-x86_64/lib/gcc/arm-linux-androideabi/4.9.x/../../../../arm-linux-androideabi/lib/../lib/armv7-a/thumb]
    arg [-L/home/lyguo/tools/android-ndk-r20b/toolchains/llvm/prebuilt/linux-x86_64/sysroot/usr/lib/arm-linux-androideabi/21] ==> dir [/home/lyguo/tools/android-ndk-r20b/toolchains/llvm/prebuilt/linux-x86_64/sysroot/usr/lib/arm-linux-androideabi/21]
    arg [-L/home/lyguo/tools/android-ndk-r20b/toolchains/llvm/prebuilt/linux-x86_64/sysroot/usr/lib/arm-linux-androideabi] ==> dir [/home/lyguo/tools/android-ndk-r20b/toolchains/llvm/prebuilt/linux-x86_64/sysroot/usr/lib/arm-linux-androideabi]
    arg [-L/home/lyguo/tools/android-ndk-r20b/toolchains/llvm/prebuilt/linux-x86_64/sysroot/usr/lib/../lib] ==> dir [/home/lyguo/tools/android-ndk-r20b/toolchains/llvm/prebuilt/linux-x86_64/sysroot/usr/lib/../lib]
    arg [-L/home/lyguo/tools/android-ndk-r20b/toolchains/llvm/prebuilt/linux-x86_64/sysroot/usr/lib/arm-linux-androideabi/../../lib] ==> dir [/home/lyguo/tools/android-ndk-r20b/toolchains/llvm/prebuilt/linux-x86_64/sysroot/usr/lib/arm-linux-androideabi/../../lib]
    arg [-L/home/lyguo/tools/android-ndk-r20b/toolchains/llvm/prebuilt/linux-x86_64/lib/gcc/arm-linux-androideabi/4.9.x/../../../../arm-linux-androideabi/lib/armv7-a/thumb] ==> dir [/home/lyguo/tools/android-ndk-r20b/toolchains/llvm/prebuilt/linux-x86_64/lib/gcc/arm-linux-androideabi/4.9.x/../../../../arm-linux-androideabi/lib/armv7-a/thumb]
    arg [-L/home/lyguo/tools/android-ndk-r20b/toolchains/llvm/prebuilt/linux-x86_64/sysroot/usr/lib] ==> dir [/home/lyguo/tools/android-ndk-r20b/toolchains/llvm/prebuilt/linux-x86_64/sysroot/usr/lib]
    arg [--exclude-libs] ==> ignore
    arg [libgcc.a] ==> ignore
    arg [--exclude-libs] ==> ignore
    arg [libatomic.a] ==> ignore
    arg [--build-id] ==> ignore
    arg [--warn-shared-textrel] ==> ignore
    arg [--fatal-warnings] ==> ignore
    arg [--exclude-libs] ==> ignore
    arg [libunwind.a] ==> ignore
    arg [--no-undefined] ==> ignore
    arg [-znoexecstack] ==> ignore
    arg [--gc-sections] ==> ignore
    arg [CMakeFiles/cmTC_31398.dir/CMakeCXXCompilerABI.cpp.o] ==> ignore
    arg [-Bstatic] ==> ignore
    arg [-lc++] ==> lib [c++]
    arg [-Bdynamic] ==> ignore
    arg [-lm] ==> lib [m]
    arg [-lgcc] ==> lib [gcc]
    arg [-ldl] ==> lib [dl]
    arg [-lc] ==> lib [c]
    arg [-lgcc] ==> lib [gcc]
    arg [-ldl] ==> lib [dl]
    arg [/home/lyguo/tools/android-ndk-r20b/toolchains/llvm/prebuilt/linux-x86_64/sysroot/usr/lib/arm-linux-androideabi/21/crtend_android.o] ==> ignore
  collapse library dir [/home/lyguo/tools/android-ndk-r20b/toolchains/llvm/prebuilt/linux-x86_64/lib64/clang/8.0.7/lib/linux/arm] ==> [/home/lyguo/tools/android-ndk-r20b/toolchains/llvm/prebuilt/linux-x86_64/lib64/clang/8.0.7/lib/linux/arm]
  collapse library dir [/home/lyguo/tools/android-ndk-r20b/toolchains/llvm/prebuilt/linux-x86_64/lib/gcc/arm-linux-androideabi/4.9.x/armv7-a/thumb] ==> [/home/lyguo/tools/android-ndk-r20b/toolchains/llvm/prebuilt/linux-x86_64/lib/gcc/arm-linux-androideabi/4.9.x/armv7-a/thumb]
  collapse library dir [/home/lyguo/tools/android-ndk-r20b/toolchains/llvm/prebuilt/linux-x86_64/lib/gcc/arm-linux-androideabi/4.9.x/../../../../arm-linux-androideabi/lib/../lib/armv7-a/thumb] ==> [/home/lyguo/tools/android-ndk-r20b/toolchains/llvm/prebuilt/linux-x86_64/arm-linux-androideabi/lib/armv7-a/thumb]
  collapse library dir [/home/lyguo/tools/android-ndk-r20b/toolchains/llvm/prebuilt/linux-x86_64/sysroot/usr/lib/arm-linux-androideabi/21] ==> [/home/lyguo/tools/android-ndk-r20b/toolchains/llvm/prebuilt/linux-x86_64/sysroot/usr/lib/arm-linux-androideabi/21]
  collapse library dir [/home/lyguo/tools/android-ndk-r20b/toolchains/llvm/prebuilt/linux-x86_64/sysroot/usr/lib/arm-linux-androideabi] ==> [/home/lyguo/tools/android-ndk-r20b/toolchains/llvm/prebuilt/linux-x86_64/sysroot/usr/lib/arm-linux-androideabi]
  collapse library dir [/home/lyguo/tools/android-ndk-r20b/toolchains/llvm/prebuilt/linux-x86_64/sysroot/usr/lib/../lib] ==> [/home/lyguo/tools/android-ndk-r20b/toolchains/llvm/prebuilt/linux-x86_64/sysroot/usr/lib]
  collapse library dir [/home/lyguo/tools/android-ndk-r20b/toolchains/llvm/prebuilt/linux-x86_64/sysroot/usr/lib/arm-linux-androideabi/../../lib] ==> [/home/lyguo/tools/android-ndk-r20b/toolchains/llvm/prebuilt/linux-x86_64/sysroot/usr/lib]
  collapse library dir [/home/lyguo/tools/android-ndk-r20b/toolchains/llvm/prebuilt/linux-x86_64/lib/gcc/arm-linux-androideabi/4.9.x/../../../../arm-linux-androideabi/lib/armv7-a/thumb] ==> [/home/lyguo/tools/android-ndk-r20b/toolchains/llvm/prebuilt/linux-x86_64/arm-linux-androideabi/lib/armv7-a/thumb]
  collapse library dir [/home/lyguo/tools/android-ndk-r20b/toolchains/llvm/prebuilt/linux-x86_64/sysroot/usr/lib] ==> [/home/lyguo/tools/android-ndk-r20b/toolchains/llvm/prebuilt/linux-x86_64/sysroot/usr/lib]
  implicit libs: [c++;m;gcc;dl;c;gcc;dl]
  implicit dirs: [/home/lyguo/tools/android-ndk-r20b/toolchains/llvm/prebuilt/linux-x86_64/lib64/clang/8.0.7/lib/linux/arm;/home/lyguo/tools/android-ndk-r20b/toolchains/llvm/prebuilt/linux-x86_64/lib/gcc/arm-linux-androideabi/4.9.x/armv7-a/thumb;/home/lyguo/tools/android-ndk-r20b/toolchains/llvm/prebuilt/linux-x86_64/arm-linux-androideabi/lib/armv7-a/thumb;/home/lyguo/tools/android-ndk-r20b/toolchains/llvm/prebuilt/linux-x86_64/sysroot/usr/lib/arm-linux-androideabi/21;/home/lyguo/tools/android-ndk-r20b/toolchains/llvm/prebuilt/linux-x86_64/sysroot/usr/lib/arm-linux-androideabi;/home/lyguo/tools/android-ndk-r20b/toolchains/llvm/prebuilt/linux-x86_64/sysroot/usr/lib]
  implicit fwks: []


Determining if the include file pthread.h exists passed with the following output:
Change Dir: /home/lyguo/github/pytorch-android-cpp-demo/build_android/CMakeFiles/CMakeTmp

Run Build Command(s):/usr/bin/make cmTC_99392/fast && /usr/bin/make  -f CMakeFiles/cmTC_99392.dir/build.make CMakeFiles/cmTC_99392.dir/build
make[1]: Entering directory '/home/lyguo/github/pytorch-android-cpp-demo/build_android/CMakeFiles/CMakeTmp'
Building C object CMakeFiles/cmTC_99392.dir/CheckIncludeFile.c.o
/home/lyguo/tools/android-ndk-r20b/toolchains/llvm/prebuilt/linux-x86_64/bin/clang --target=armv7-none-linux-androideabi21 --gcc-toolchain=/home/lyguo/tools/android-ndk-r20b/toolchains/llvm/prebuilt/linux-x86_64 --sysroot=/home/lyguo/tools/android-ndk-r20b/toolchains/llvm/prebuilt/linux-x86_64/sysroot   -g -DANDROID -fdata-sections -ffunction-sections -funwind-tables -fstack-protector-strong -no-canonical-prefixes -fno-addrsig -march=armv7-a -mthumb -mfpu=neon -Wa,--noexecstack -Wformat -Werror=format-security   -fPIE -o CMakeFiles/cmTC_99392.dir/CheckIncludeFile.c.o -c /home/lyguo/github/pytorch-android-cpp-demo/build_android/CMakeFiles/CMakeTmp/CheckIncludeFile.c
Linking C executable cmTC_99392
/home/lyguo/tools/cmake-3.18.1-Linux-x86_64/bin/cmake -E cmake_link_script CMakeFiles/cmTC_99392.dir/link.txt --verbose=1
/home/lyguo/tools/android-ndk-r20b/toolchains/llvm/prebuilt/linux-x86_64/bin/clang --target=armv7-none-linux-androideabi21 --gcc-toolchain=/home/lyguo/tools/android-ndk-r20b/toolchains/llvm/prebuilt/linux-x86_64 --sysroot=/home/lyguo/tools/android-ndk-r20b/toolchains/llvm/prebuilt/linux-x86_64/sysroot -g -DANDROID -fdata-sections -ffunction-sections -funwind-tables -fstack-protector-strong -no-canonical-prefixes -fno-addrsig -march=armv7-a -mthumb -mfpu=neon -Wa,--noexecstack -Wformat -Werror=format-security   -Wl,--exclude-libs,libgcc.a -Wl,--exclude-libs,libatomic.a -static-libstdc++ -Wl,--build-id -Wl,--warn-shared-textrel -Wl,--fatal-warnings -Wl,--exclude-libs,libunwind.a -Wl,--no-undefined -Qunused-arguments -Wl,-z,noexecstack -Wl,--gc-sections   CMakeFiles/cmTC_99392.dir/CheckIncludeFile.c.o -o cmTC_99392  -latomic -lm 
make[1]: Leaving directory '/home/lyguo/github/pytorch-android-cpp-demo/build_android/CMakeFiles/CMakeTmp'



