Performing C SOURCE FILE Test CMAKE_HAVE_LIBC_PTHREAD failed with the following output:
Change Dir: /home/lyguo/github/pytorch-android-cpp-demo/build_android/CMakeFiles/CMakeTmp

Run Build Command(s):/usr/bin/make cmTC_b0539/fast && /usr/bin/make  -f CMakeFiles/cmTC_b0539.dir/build.make CMakeFiles/cmTC_b0539.dir/build
make[1]: Entering directory '/home/lyguo/github/pytorch-android-cpp-demo/build_android/CMakeFiles/CMakeTmp'
Building C object CMakeFiles/cmTC_b0539.dir/src.c.o
/home/lyguo/tools/android-ndk-r20b/toolchains/llvm/prebuilt/linux-x86_64/bin/clang --target=armv7-none-linux-androideabi21 --gcc-toolchain=/home/lyguo/tools/android-ndk-r20b/toolchains/llvm/prebuilt/linux-x86_64 --sysroot=/home/lyguo/tools/android-ndk-r20b/toolchains/llvm/prebuilt/linux-x86_64/sysroot   -g -DANDROID -fdata-sections -ffunction-sections -funwind-tables -fstack-protector-strong -no-canonical-prefixes -fno-addrsig -march=armv7-a -mthumb -mfpu=neon -Wa,--noexecstack -Wformat -Werror=format-security  -DCMAKE_HAVE_LIBC_PTHREAD -fPIE -o CMakeFiles/cmTC_b0539.dir/src.c.o -c /home/lyguo/github/pytorch-android-cpp-demo/build_android/CMakeFiles/CMakeTmp/src.c
/home/lyguo/github/pytorch-android-cpp-demo/build_android/CMakeFiles/CMakeTmp/src.c:13:3: warning: implicit declaration of function 'pthread_cancel' is invalid in C99 [-Wimplicit-function-declaration]
  pthread_cancel(thread);
  ^
1 warning generated.
Linking C executable cmTC_b0539
/home/lyguo/tools/cmake-3.18.1-Linux-x86_64/bin/cmake -E cmake_link_script CMakeFiles/cmTC_b0539.dir/link.txt --verbose=1
/home/lyguo/tools/android-ndk-r20b/toolchains/llvm/prebuilt/linux-x86_64/bin/clang --target=armv7-none-linux-androideabi21 --gcc-toolchain=/home/lyguo/tools/android-ndk-r20b/toolchains/llvm/prebuilt/linux-x86_64 --sysroot=/home/lyguo/tools/android-ndk-r20b/toolchains/llvm/prebuilt/linux-x86_64/sysroot -g -DANDROID -fdata-sections -ffunction-sections -funwind-tables -fstack-protector-strong -no-canonical-prefixes -fno-addrsig -march=armv7-a -mthumb -mfpu=neon -Wa,--noexecstack -Wformat -Werror=format-security  -DCMAKE_HAVE_LIBC_PTHREAD -Wl,--exclude-libs,libgcc.a -Wl,--exclude-libs,libatomic.a -static-libstdc++ -Wl,--build-id -Wl,--warn-shared-textrel -Wl,--fatal-warnings -Wl,--exclude-libs,libunwind.a -Wl,--no-undefined -Qunused-arguments -Wl,-z,noexecstack -Wl,--gc-sections   CMakeFiles/cmTC_b0539.dir/src.c.o -o cmTC_b0539  -latomic -lm 
/home/lyguo/github/pytorch-android-cpp-demo/build_android/CMakeFiles/CMakeTmp/src.c:13: error: undefined reference to 'pthread_cancel'
clang: error: linker command failed with exit code 1 (use -v to see invocation)
CMakeFiles/cmTC_b0539.dir/build.make:105: recipe for target 'cmTC_b0539' failed
make[1]: *** [cmTC_b0539] Error 1
make[1]: Leaving directory '/home/lyguo/github/pytorch-android-cpp-demo/build_android/CMakeFiles/CMakeTmp'
Makefile:140: recipe for target 'cmTC_b0539/fast' failed
make: *** [cmTC_b0539/fast] Error 2


Source file was:
#include <pthread.h>

void* test_func(void* data)
{
  return data;
}

int main(void)
{
  pthread_t thread;
  pthread_create(&thread, NULL, test_func, NULL);
  pthread_detach(thread);
  pthread_cancel(thread);
  pthread_join(thread, NULL);
  pthread_atfork(NULL, NULL, NULL);
  pthread_exit(NULL);

  return 0;
}

Determining if the function pthread_create exists in the pthreads failed with the following output:
Change Dir: /home/lyguo/github/pytorch-android-cpp-demo/build_android/CMakeFiles/CMakeTmp

Run Build Command(s):/usr/bin/make cmTC_7128d/fast && /usr/bin/make  -f CMakeFiles/cmTC_7128d.dir/build.make CMakeFiles/cmTC_7128d.dir/build
make[1]: Entering directory '/home/lyguo/github/pytorch-android-cpp-demo/build_android/CMakeFiles/CMakeTmp'
Building C object CMakeFiles/cmTC_7128d.dir/CheckFunctionExists.c.o
/home/lyguo/tools/android-ndk-r20b/toolchains/llvm/prebuilt/linux-x86_64/bin/clang --target=armv7-none-linux-androideabi21 --gcc-toolchain=/home/lyguo/tools/android-ndk-r20b/toolchains/llvm/prebuilt/linux-x86_64 --sysroot=/home/lyguo/tools/android-ndk-r20b/toolchains/llvm/prebuilt/linux-x86_64/sysroot   -g -DANDROID -fdata-sections -ffunction-sections -funwind-tables -fstack-protector-strong -no-canonical-prefixes -fno-addrsig -march=armv7-a -mthumb -mfpu=neon -Wa,--noexecstack -Wformat -Werror=format-security  -DCHECK_FUNCTION_EXISTS=pthread_create -fPIE -o CMakeFiles/cmTC_7128d.dir/CheckFunctionExists.c.o -c /home/lyguo/tools/cmake-3.18.1-Linux-x86_64/share/cmake-3.18/Modules/CheckFunctionExists.c
Linking C executable cmTC_7128d
/home/lyguo/tools/cmake-3.18.1-Linux-x86_64/bin/cmake -E cmake_link_script CMakeFiles/cmTC_7128d.dir/link.txt --verbose=1
/home/lyguo/tools/android-ndk-r20b/toolchains/llvm/prebuilt/linux-x86_64/bin/clang --target=armv7-none-linux-androideabi21 --gcc-toolchain=/home/lyguo/tools/android-ndk-r20b/toolchains/llvm/prebuilt/linux-x86_64 --sysroot=/home/lyguo/tools/android-ndk-r20b/toolchains/llvm/prebuilt/linux-x86_64/sysroot -g -DANDROID -fdata-sections -ffunction-sections -funwind-tables -fstack-protector-strong -no-canonical-prefixes -fno-addrsig -march=armv7-a -mthumb -mfpu=neon -Wa,--noexecstack -Wformat -Werror=format-security  -DCHECK_FUNCTION_EXISTS=pthread_create -Wl,--exclude-libs,libgcc.a -Wl,--exclude-libs,libatomic.a -static-libstdc++ -Wl,--build-id -Wl,--warn-shared-textrel -Wl,--fatal-warnings -Wl,--exclude-libs,libunwind.a -Wl,--no-undefined -Qunused-arguments -Wl,-z,noexecstack -Wl,--gc-sections   CMakeFiles/cmTC_7128d.dir/CheckFunctionExists.c.o -o cmTC_7128d  -lpthreads -latomic -lm 
/home/lyguo/tools/android-ndk-r20b/toolchains/llvm/prebuilt/linux-x86_64/lib/gcc/arm-linux-androideabi/4.9.x/../../../../arm-linux-androideabi/bin/ld: error: cannot find -lpthreads
clang: error: linker command failed with exit code 1 (use -v to see invocation)
CMakeFiles/cmTC_7128d.dir/build.make:105: recipe for target 'cmTC_7128d' failed
make[1]: *** [cmTC_7128d] Error 1
make[1]: Leaving directory '/home/lyguo/github/pytorch-android-cpp-demo/build_android/CMakeFiles/CMakeTmp'
Makefile:140: recipe for target 'cmTC_7128d/fast' failed
make: *** [cmTC_7128d/fast] Error 2



Determining if the function pthread_create exists in the pthread failed with the following output:
Change Dir: /home/lyguo/github/pytorch-android-cpp-demo/build_android/CMakeFiles/CMakeTmp

Run Build Command(s):/usr/bin/make cmTC_beff3/fast && /usr/bin/make  -f CMakeFiles/cmTC_beff3.dir/build.make CMakeFiles/cmTC_beff3.dir/build
make[1]: Entering directory '/home/lyguo/github/pytorch-android-cpp-demo/build_android/CMakeFiles/CMakeTmp'
Building C object CMakeFiles/cmTC_beff3.dir/CheckFunctionExists.c.o
/home/lyguo/tools/android-ndk-r20b/toolchains/llvm/prebuilt/linux-x86_64/bin/clang --target=armv7-none-linux-androideabi21 --gcc-toolchain=/home/lyguo/tools/android-ndk-r20b/toolchains/llvm/prebuilt/linux-x86_64 --sysroot=/home/lyguo/tools/android-ndk-r20b/toolchains/llvm/prebuilt/linux-x86_64/sysroot   -g -DANDROID -fdata-sections -ffunction-sections -funwind-tables -fstack-protector-strong -no-canonical-prefixes -fno-addrsig -march=armv7-a -mthumb -mfpu=neon -Wa,--noexecstack -Wformat -Werror=format-security  -DCHECK_FUNCTION_EXISTS=pthread_create -fPIE -o CMakeFiles/cmTC_beff3.dir/CheckFunctionExists.c.o -c /home/lyguo/tools/cmake-3.18.1-Linux-x86_64/share/cmake-3.18/Modules/CheckFunctionExists.c
Linking C executable cmTC_beff3
/home/lyguo/tools/cmake-3.18.1-Linux-x86_64/bin/cmake -E cmake_link_script CMakeFiles/cmTC_beff3.dir/link.txt --verbose=1
/home/lyguo/tools/android-ndk-r20b/toolchains/llvm/prebuilt/linux-x86_64/bin/clang --target=armv7-none-linux-androideabi21 --gcc-toolchain=/home/lyguo/tools/android-ndk-r20b/toolchains/llvm/prebuilt/linux-x86_64 --sysroot=/home/lyguo/tools/android-ndk-r20b/toolchains/llvm/prebuilt/linux-x86_64/sysroot -g -DANDROID -fdata-sections -ffunction-sections -funwind-tables -fstack-protector-strong -no-canonical-prefixes -fno-addrsig -march=armv7-a -mthumb -mfpu=neon -Wa,--noexecstack -Wformat -Werror=format-security  -DCHECK_FUNCTION_EXISTS=pthread_create -Wl,--exclude-libs,libgcc.a -Wl,--exclude-libs,libatomic.a -static-libstdc++ -Wl,--build-id -Wl,--warn-shared-textrel -Wl,--fatal-warnings -Wl,--exclude-libs,libunwind.a -Wl,--no-undefined -Qunused-arguments -Wl,-z,noexecstack -Wl,--gc-sections   CMakeFiles/cmTC_beff3.dir/CheckFunctionExists.c.o -o cmTC_beff3  -lpthread -latomic -lm 
/home/lyguo/tools/android-ndk-r20b/toolchains/llvm/prebuilt/linux-x86_64/lib/gcc/arm-linux-androideabi/4.9.x/../../../../arm-linux-androideabi/bin/ld: error: cannot find -lpthread
clang: error: linker command failed with exit code 1 (use -v to see invocation)
CMakeFiles/cmTC_beff3.dir/build.make:105: recipe for target 'cmTC_beff3' failed
make[1]: *** [cmTC_beff3] Error 1
make[1]: Leaving directory '/home/lyguo/github/pytorch-android-cpp-demo/build_android/CMakeFiles/CMakeTmp'
Makefile:140: recipe for target 'cmTC_beff3/fast' failed
make: *** [cmTC_beff3/fast] Error 2



