Performing C SOURCE FILE Test CMAKE_HAVE_LIBC_PTHREAD failed with the following output:
Change Dir: /home/lyguo/github/pytorch-android-cpp-demo/build/CMakeFiles/CMakeTmp

Run Build Command(s):/usr/bin/make cmTC_8dccd/fast && /usr/bin/make  -f CMakeFiles/cmTC_8dccd.dir/build.make CMakeFiles/cmTC_8dccd.dir/build
make[1]: Entering directory '/home/lyguo/github/pytorch-android-cpp-demo/build/CMakeFiles/CMakeTmp'
Building C object CMakeFiles/cmTC_8dccd.dir/src.c.o
/usr/bin/cc   -DCMAKE_HAVE_LIBC_PTHREAD -o CMakeFiles/cmTC_8dccd.dir/src.c.o -c /home/lyguo/github/pytorch-android-cpp-demo/build/CMakeFiles/CMakeTmp/src.c
Linking C executable cmTC_8dccd
/home/lyguo/tools/cmake-3.18.1-Linux-x86_64/bin/cmake -E cmake_link_script CMakeFiles/cmTC_8dccd.dir/link.txt --verbose=1
/usr/bin/cc  -DCMAKE_HAVE_LIBC_PTHREAD -rdynamic CMakeFiles/cmTC_8dccd.dir/src.c.o -o cmTC_8dccd 
CMakeFiles/cmTC_8dccd.dir/src.c.o: In function `main':
src.c:(.text+0x3c): undefined reference to `pthread_create'
src.c:(.text+0x48): undefined reference to `pthread_detach'
src.c:(.text+0x54): undefined reference to `pthread_cancel'
src.c:(.text+0x65): undefined reference to `pthread_join'
src.c:(.text+0x79): undefined reference to `pthread_atfork'
collect2: error: ld returned 1 exit status
CMakeFiles/cmTC_8dccd.dir/build.make:105: recipe for target 'cmTC_8dccd' failed
make[1]: *** [cmTC_8dccd] Error 1
make[1]: Leaving directory '/home/lyguo/github/pytorch-android-cpp-demo/build/CMakeFiles/CMakeTmp'
Makefile:140: recipe for target 'cmTC_8dccd/fast' failed
make: *** [cmTC_8dccd/fast] Error 2


Source file was:
#include <pthread.h>

void* test_func(void* data)
{
  return data;
}

int main(void)
{
  pthread_t thread;
  pthread_create(&thread, NULL, test_func, NULL);
  pthread_detach(thread);
  pthread_cancel(thread);
  pthread_join(thread, NULL);
  pthread_atfork(NULL, NULL, NULL);
  pthread_exit(NULL);

  return 0;
}

Determining if the function pthread_create exists in the pthreads failed with the following output:
Change Dir: /home/lyguo/github/pytorch-android-cpp-demo/build/CMakeFiles/CMakeTmp

Run Build Command(s):/usr/bin/make cmTC_98ef3/fast && /usr/bin/make  -f CMakeFiles/cmTC_98ef3.dir/build.make CMakeFiles/cmTC_98ef3.dir/build
make[1]: Entering directory '/home/lyguo/github/pytorch-android-cpp-demo/build/CMakeFiles/CMakeTmp'
Building C object CMakeFiles/cmTC_98ef3.dir/CheckFunctionExists.c.o
/usr/bin/cc   -DCHECK_FUNCTION_EXISTS=pthread_create -o CMakeFiles/cmTC_98ef3.dir/CheckFunctionExists.c.o -c /home/lyguo/tools/cmake-3.18.1-Linux-x86_64/share/cmake-3.18/Modules/CheckFunctionExists.c
Linking C executable cmTC_98ef3
/home/lyguo/tools/cmake-3.18.1-Linux-x86_64/bin/cmake -E cmake_link_script CMakeFiles/cmTC_98ef3.dir/link.txt --verbose=1
/usr/bin/cc  -DCHECK_FUNCTION_EXISTS=pthread_create -rdynamic CMakeFiles/cmTC_98ef3.dir/CheckFunctionExists.c.o -o cmTC_98ef3  -lpthreads 
/usr/bin/ld: cannot find -lpthreads
collect2: error: ld returned 1 exit status
CMakeFiles/cmTC_98ef3.dir/build.make:105: recipe for target 'cmTC_98ef3' failed
make[1]: *** [cmTC_98ef3] Error 1
make[1]: Leaving directory '/home/lyguo/github/pytorch-android-cpp-demo/build/CMakeFiles/CMakeTmp'
Makefile:140: recipe for target 'cmTC_98ef3/fast' failed
make: *** [cmTC_98ef3/fast] Error 2



